<?xml version="1.0" encoding="UTF-8"?>
<!-- Generated by org.testng.reporters.JUnitXMLReporter -->
<testsuite hostname="DESKTOP-P8HG88I" ignored="0" name="ActiveAdminDepot" tests="4" failures="0" timestamp="15 Dec 2018 14:55:56 GMT" time="59.904" errors="0">
  <testcase name="createuser" time="18.323" classname="com.automationui.test.Testcase"/>
  <testcase name="createuser" time="8.334" classname="com.automationui.test.Testcase"/>
  <testcase name="createuser" time="6.968" classname="com.automationui.test.Testcase"/>
  <testcase name="filtersearch" time="6.895" classname="com.automationui.test.Testcase"/>
</testsuite> <!-- ActiveAdminDepot -->
