<?xml version="1.0" encoding="UTF-8"?>
<testsuite xmlns:xsi="http://www.w3.org/2001/XMLSchema-instance" xsi:noNamespaceSchemaLocation="https://maven.apache.org/surefire/maven-surefire-plugin/xsd/surefire-test-report.xsd" name="TestSuite" time="43.518" tests="4" errors="0" skipped="0" failures="0">
  <properties>
[...]
</properties>
  <testcase name="createuser" classname="com.automationui.test.Testcase" time="17.057"/>
  <testcase name="createuser" classname="com.automationui.test.Testcase" time="5.782"/>
  <testcase name="createuser" classname="com.automationui.test.Testcase" time="6.017"/>
  <testcase name="filtersearch" classname="com.automationui.test.Testcase" time="6.964"/>
</testsuite>